number,value,datetime_start,datetime_complete,duration,params_dt,params_mu,params_noise,params_r,params_steps,state
0,4.413142096419463e-06,2025-08-18 00:43:03.837210,2025-08-18 00:43:09.609196,0 days 00:00:05.771986,0.05539491161275571,0.5841137384547853,0.0001119921041907623,0.08781946607927403,500,COMPLETE
1,1.3566968224140061e-05,2025-08-18 00:43:09.609533,2025-08-18 00:43:12.388883,0 days 00:00:02.779350,0.032112471215033155,0.7983447379907612,0.1289246978976424,0.511428256779366,500,COMPLETE
2,2.6785923784110483e-06,2025-08-18 00:43:12.389126,2025-08-18 00:43:14.645183,0 days 00:00:02.256057,0.0554897460742475,0.17654690790092092,0.006216499288662259,0.5054342787954735,400,COMPLETE
3,3.67759232162175e-06,2025-08-18 00:43:14.645359,2025-08-18 00:43:16.910651,0 days 00:00:02.265292,0.0640914904307418,0.7323920648761183,0.00017310807248664572,0.07123473309905987,400,COMPLETE
4,1.8395356736600268e-05,2025-08-18 00:43:16.910913,2025-08-18 00:43:20.303451,0 days 00:00:03.392538,0.05391637217310716,0.741198456455449,0.006285453361676105,0.5747287803010966,600,COMPLETE
5,6.008871902815075e-05,2025-08-18 00:43:20.303632,2025-08-18 00:43:23.088351,0 days 00:00:02.784719,0.0104098946746418,0.2340232376822638,0.00014300574473311546,0.4114450262079987,500,COMPLETE
6,0.00012579895222901262,2025-08-18 00:43:23.088586,2025-08-18 00:43:27.587755,0 days 00:00:04.499169,0.022241892751491712,0.7973068500280335,0.000171532757630297,0.28177257366011854,800,COMPLETE
7,0.00022055435138059682,2025-08-18 00:43:27.587962,2025-08-18 00:43:29.855032,0 days 00:00:02.267070,0.014233340044690799,0.6405424632062006,0.04935137317550298,0.09069212670736713,400,COMPLETE
8,5.471689802893984e-06,2025-08-18 00:43:29.855245,2025-08-18 00:43:32.649221,0 days 00:00:02.793976,0.028044564522065874,0.5513601913899174,0.006886593535898735,0.33904048281989363,500,COMPLETE
9,2.9721800914702796e-05,2025-08-18 00:43:32.649469,2025-08-18 00:43:37.144762,0 days 00:00:04.495293,0.029590064171572852,0.6088767506347145,0.004547813778030705,0.2481584162011053,800,COMPLETE
10,4.698339958935893e-06,2025-08-18 00:43:37.144994,2025-08-18 00:43:40.569231,0 days 00:00:03.424237,0.05466161220568141,0.05397496296228983,0.0012386423387764826,0.2102530424202128,600,COMPLETE
11,5.206951860643375e-05,2025-08-18 00:43:40.569411,2025-08-18 00:43:42.837711,0 days 00:00:02.268300,0.018382777404531737,0.45054743274093945,0.00020148953413858385,0.21156842317084226,400,COMPLETE
12,2.7439839302448148e-05,2025-08-18 00:43:42.837993,2025-08-18 00:43:46.250210,0 days 00:00:03.412217,0.0335381541733048,0.2931732756128124,0.0006541140423622463,0.21907357492760396,600,COMPLETE
13,1.335663004673249e-05,2025-08-18 00:43:46.250387,2025-08-18 00:43:50.695000,0 days 00:00:04.444613,0.037380120833444885,0.6284578997573399,0.01468535969819877,0.15254967458562327,800,COMPLETE
14,5.231545257521872e-05,2025-08-18 00:43:50.695233,2025-08-18 00:43:52.980540,0 days 00:00:02.285307,0.014619399437981928,0.20728039010083132,0.00032264918340378125,0.24242745386203993,400,COMPLETE
15,4.406611452722617e-05,2025-08-18 00:43:52.980751,2025-08-18 00:43:56.331851,0 days 00:00:03.351100,0.025653627033384824,0.27695729084029425,0.005558106764835703,0.37661821613448576,600,COMPLETE
16,0.0002686537135476604,2025-08-18 00:43:56.332026,2025-08-18 00:43:59.135642,0 days 00:00:02.803616,0.014352136001197132,0.4117001851391886,0.0008117080098572275,0.15408841026873474,500,COMPLETE
17,4.3733328007564675e-05,2025-08-18 00:43:59.135854,2025-08-18 00:44:01.409259,0 days 00:00:02.273405,0.022907799861362724,0.6496639724043197,0.000265999763857333,0.43764548254870095,400,COMPLETE
18,0.00018865399108541,2025-08-18 00:44:01.409434,2025-08-18 00:44:03.817546,0 days 00:00:02.408112,0.02244333021600619,0.169533654151153,0.10740089010890397,0.5825622416481641,400,COMPLETE
19,3.0500297475032433e-05,2025-08-18 00:44:03.817773,2025-08-18 00:44:06.176592,0 days 00:00:02.358819,0.025302525096224337,0.05550341369326954,0.001262638878677044,0.47071671060111137,400,COMPLETE
20,9.370048539559208e-06,2025-08-18 00:44:06.176765,2025-08-18 00:44:10.109862,0 days 00:00:03.933097,0.02954811008561078,0.18952410457129976,0.0001451667529321216,0.5337669468842346,700,COMPLETE
21,0.0003337756948920467,2025-08-18 00:44:10.110096,2025-08-18 00:44:13.501648,0 days 00:00:03.391552,0.020367825218981773,0.6972946433584454,0.0027675240207208985,0.08738395158973374,600,COMPLETE
22,7.456076845124589e-06,2025-08-18 00:44:13.501822,2025-08-18 00:44:17.421040,0 days 00:00:03.919218,0.054918414092766744,0.2467440953109652,0.0006507081120012445,0.256107646160407,700,COMPLETE
23,7.056575839814347e-05,2025-08-18 00:44:17.421280,2025-08-18 00:44:21.893425,0 days 00:00:04.472145,0.017898685691756393,0.6405937650064821,0.00011455717316285085,0.5515386318699267,800,COMPLETE
24,0.0003406202556890957,2025-08-18 00:44:21.893657,2025-08-18 00:44:25.321384,0 days 00:00:03.427727,0.022571410657247323,0.46707139575155726,0.009217358403738189,0.4416346222019236,600,COMPLETE
25,4.0867954669211245e-05,2025-08-18 00:44:25.321558,2025-08-18 00:44:29.242402,0 days 00:00:03.920844,0.03015021673628538,0.4971529775888876,0.0018425055708081617,0.3929512284676189,700,COMPLETE
26,2.296401089288232e-05,2025-08-18 00:44:29.242652,2025-08-18 00:44:33.204632,0 days 00:00:03.961980,0.06451921174993278,0.1040171069825639,0.09930431620814098,0.18163812107515398,700,COMPLETE
27,0.00025754427834084203,2025-08-18 00:44:33.204864,2025-08-18 00:44:38.862638,0 days 00:00:05.657774,0.018125404555349958,0.27581813865749827,0.013036087485041366,0.2800250381729317,1000,COMPLETE
28,6.315486812782424e-05,2025-08-18 00:44:38.862849,2025-08-18 00:44:42.264498,0 days 00:00:03.401649,0.028900065778944276,0.4698608567918814,0.00034138264794309614,0.4528597221747725,600,COMPLETE
29,5.919702423623319e-06,2025-08-18 00:44:42.264676,2025-08-18 00:44:44.516806,0 days 00:00:02.252130,0.046352425142100036,0.6026879887266682,0.01674624582897583,0.09770286479338215,400,COMPLETE
30,8.998065295540822e-06,2025-08-18 00:44:44.517037,2025-08-18 00:44:47.363291,0 days 00:00:02.846254,0.028608916234207554,0.40827884466161185,0.001720861955542883,0.0543809011601909,500,COMPLETE
31,0.0004867107897492355,2025-08-18 00:44:47.363472,2025-08-18 00:44:52.933686,0 days 00:00:05.570214,0.01776520146135483,0.2673194996115691,0.025557301124467698,0.27647920403426657,1000,COMPLETE
32,0.0003202930620908288,2025-08-18 00:44:52.933898,2025-08-18 00:44:56.318228,0 days 00:00:03.384330,0.011857464790308287,0.7706003018344953,0.0036100914668667204,0.21486018085657088,600,COMPLETE
33,0.00015294065553891054,2025-08-18 00:44:56.318405,2025-08-18 00:44:59.690706,0 days 00:00:03.372301,0.01815960042421961,0.7747367865070248,0.004206875638320323,0.26811365037895196,600,COMPLETE
34,0.00038863708734887493,2025-08-18 00:44:59.690881,2025-08-18 00:45:03.631478,0 days 00:00:03.940597,0.015134586874520146,0.6746679500597642,0.01659947762685103,0.09661211879999432,700,COMPLETE
35,8.258366485081338e-06,2025-08-18 00:45:03.631721,2025-08-18 00:45:07.589501,0 days 00:00:03.957780,0.028686824408029166,0.6145830043853231,0.000543313908173602,0.09354123403804364,700,COMPLETE
36,0.00018223742814401763,2025-08-18 00:45:07.589723,2025-08-18 00:45:12.076227,0 days 00:00:04.486504,0.015517572238427403,0.5303608175342959,0.05134548212846271,0.0632396002451503,800,COMPLETE
37,0.0001360914970569198,2025-08-18 00:45:12.076467,2025-08-18 00:45:16.578075,0 days 00:00:04.501608,0.025448594916457946,0.4212305249003697,0.062072860311715966,0.3576641131712804,800,COMPLETE
38,4.659322602455938e-06,2025-08-18 00:45:16.578308,2025-08-18 00:45:19.988321,0 days 00:00:03.410013,0.028771806676044724,0.7860454221170956,0.0025784692855921423,0.07847710097514837,600,COMPLETE
39,1.740284894565091e-05,2025-08-18 00:45:19.988507,2025-08-18 00:45:25.523453,0 days 00:00:05.534946,0.0322626263067434,0.25339461723603074,0.14499131106188345,0.28358516394891203,1000,COMPLETE
40,0.00010731190413944406,2025-08-18 00:45:25.523719,2025-08-18 00:45:29.489156,0 days 00:00:03.965437,0.023281447287115967,0.7656070304663073,0.050573855959256425,0.06962588974476076,700,COMPLETE
41,0.0002787789796500914,2025-08-18 00:45:29.489397,2025-08-18 00:45:33.409871,0 days 00:00:03.920474,0.010078120324076173,0.7274492292654713,0.01200800001154246,0.16325983395180643,700,COMPLETE
42,0.00012242743857002127,2025-08-18 00:45:33.410103,2025-08-18 00:45:36.225266,0 days 00:00:02.815163,0.013063618603013132,0.7956392885857552,0.00032507808231800833,0.09661837760198487,500,COMPLETE
43,0.00041605221283704544,2025-08-18 00:45:36.225447,2025-08-18 00:45:40.152658,0 days 00:00:03.927211,0.01874756998664187,0.4757964475398427,0.008255681337870054,0.4766953695825676,700,COMPLETE
44,0.00014408299986304383,2025-08-18 00:45:40.152894,2025-08-18 00:45:44.653611,0 days 00:00:04.500717,0.01966757910781342,0.44309037881621066,0.03061428579079332,0.5735195501386304,800,COMPLETE
45,0.00020160854839320258,2025-08-18 00:45:44.653845,2025-08-18 00:45:48.047132,0 days 00:00:03.393287,0.01571066188647965,0.4358878796591437,0.008847949700127748,0.4490778321655528,600,COMPLETE
46,6.9997597238579165e-06,2025-08-18 00:45:48.047316,2025-08-18 00:45:51.433379,0 days 00:00:03.386063,0.042627191697260855,0.49796349801541046,0.04139989716511776,0.45754796457024816,600,COMPLETE
47,0.00015811339716536072,2025-08-18 00:45:51.433564,2025-08-18 00:45:55.920143,0 days 00:00:04.486579,0.011881575652850924,0.49760822933655946,0.005346967592118512,0.452468835737775,800,COMPLETE
48,8.20773233789229e-06,2025-08-18 00:45:55.920412,2025-08-18 00:45:59.948676,0 days 00:00:04.028264,0.038490833485431024,0.2988174743263343,0.005585986331840732,0.5895277013035982,700,COMPLETE
49,0.00011895957417922524,2025-08-18 00:45:59.948895,2025-08-18 00:46:04.477136,0 days 00:00:04.528241,0.014849176339423878,0.700829117321887,0.003148249908855824,0.09899248102779673,800,COMPLETE
50,0.0002557474451895596,2025-08-18 00:46:04.477380,2025-08-18 00:46:30.909402,0 days 00:00:26.432022,0.01565354859017597,0.13196429957268332,0.04209778685147769,0.38670721370969835,1000,COMPLETE
51,0.00013793452246737339,2025-08-18 00:46:30.909647,2025-08-18 00:46:57.761156,0 days 00:00:26.851509,0.02097449804369,0.26230921436776933,0.0048348357912684665,0.09489204658812608,1000,COMPLETE
52,0.00013397647193673343,2025-08-18 00:46:57.761361,2025-08-18 00:47:13.824888,0 days 00:00:16.063527,0.012261649011148339,0.6073587068276989,0.002197662041277319,0.2706031005029921,600,COMPLETE
