number,value,datetime_start,datetime_complete,duration,params_dt,params_mu,params_noise,params_r,params_steps,state
0,0.7180397436283469,2025-08-17 15:57:23.114770,2025-08-17 15:57:31.324829,0 days 00:00:08.210059,0.01475305745595932,0.7148389209704696,0.0032854868475101374,0.5928042535202985,1000,COMPLETE
1,0.708115152988025,2025-08-17 15:57:31.325571,2025-08-17 15:57:35.282805,0 days 00:00:03.957234,0.045175016084127696,0.6378802484117039,0.08969451287295585,0.23301045140485846,700,COMPLETE
2,0.8383931709404371,2025-08-17 15:57:35.283047,2025-08-17 15:57:39.824995,0 days 00:00:04.541948,0.04584344062885377,0.28725181472453265,0.021154965508416817,0.16196926042240073,800,COMPLETE
3,0.8037746254531177,2025-08-17 15:57:39.825268,2025-08-17 15:57:42.639888,0 days 00:00:02.814620,0.02378749388169323,0.5880548731742005,0.00029740902855121776,0.2918982073565862,500,COMPLETE
4,0.8272240592722369,2025-08-17 15:57:42.640111,2025-08-17 15:57:46.633670,0 days 00:00:03.993559,0.04500603748028023,0.7461111768602623,0.023672568859735156,0.48733282095401814,700,COMPLETE
5,0.6329839842780218,2025-08-17 15:57:46.633865,2025-08-17 15:57:50.611125,0 days 00:00:03.977260,0.01656972019124128,0.6154125925623806,0.025723216612322627,0.5540303686119522,700,COMPLETE
6,0.7256906407720873,2025-08-17 15:57:50.611366,2025-08-17 15:57:55.173844,0 days 00:00:04.562478,0.02525499817337803,0.5783762299938092,0.00014066173471441576,0.38302211018958654,800,COMPLETE
7,0.5234328271887141,2025-08-17 15:57:55.174071,2025-08-17 15:57:58.597196,0 days 00:00:03.423125,0.020443581303887223,0.14754305137374996,0.027674442542965607,0.5862359314295227,600,COMPLETE
8,0.9307352202151342,2025-08-17 15:57:58.597367,2025-08-17 15:58:03.657395,0 days 00:00:05.060028,0.0677396997222639,0.37909137627742867,0.16272693514412642,0.1474896254575956,900,COMPLETE
9,0.9041150320183838,2025-08-17 15:58:03.657598,2025-08-17 15:58:05.934206,0 days 00:00:02.276608,0.060643827781269026,0.3094430153225916,0.00025638043030968037,0.5003932407737789,400,COMPLETE
10,0.7725044076982829,2025-08-17 15:58:05.934411,2025-08-17 15:58:11.595784,0 days 00:00:05.661373,0.039846633254650585,0.17732227386541471,0.2731314234593487,0.17130858503751842,1000,COMPLETE
11,0.9307352202151342,2025-08-17 15:58:11.596000,2025-08-17 15:58:17.236207,0 days 00:00:05.640207,0.05417895867784683,0.7541278748094468,0.0019231868710976156,0.57798957915749,1000,COMPLETE
12,0.6866777836820932,2025-08-17 15:58:17.236417,2025-08-17 15:58:21.818388,0 days 00:00:04.581971,0.04016136249601565,0.15660596287472217,0.23294610643166913,0.5816176478503345,800,COMPLETE
13,0.5063297739542579,2025-08-17 15:58:21.818601,2025-08-17 15:58:24.065601,0 days 00:00:02.247000,0.01540665957318873,0.22879430210271073,0.05551000685040941,0.5470925137240965,400,COMPLETE
14,0.7407326421489826,2025-08-17 15:58:24.065820,2025-08-17 15:58:26.349631,0 days 00:00:02.283811,0.051721279388122945,0.3610708296066425,0.00024258677080727373,0.08348877009234312,400,COMPLETE
15,0.8002209857531084,2025-08-17 15:58:26.350159,2025-08-17 15:58:29.785478,0 days 00:00:03.435319,0.06456231865317995,0.3310551187426168,0.02182017927128074,0.3468202897605738,600,COMPLETE
16,0.8841507236811577,2025-08-17 15:58:29.785654,2025-08-17 15:58:35.402546,0 days 00:00:05.616892,0.0385319059006188,0.29382873792011366,0.004158121005268226,0.06607820801138214,1000,COMPLETE
17,0.6330137332145285,2025-08-17 15:58:35.402757,2025-08-17 15:58:39.922257,0 days 00:00:04.519500,0.017980854059498293,0.18120584865036365,0.2961186231848773,0.46524749822438916,800,COMPLETE
18,0.8939538900017954,2025-08-17 15:58:39.922479,2025-08-17 15:58:45.510314,0 days 00:00:05.587835,0.028184401159228295,0.7020249102657933,0.0015266067085372573,0.1950511436040063,1000,COMPLETE
19,0.9527321476828732,2025-08-17 15:58:45.510528,2025-08-17 15:58:49.493214,0 days 00:00:03.982686,0.05842108052300773,0.3052409072671961,0.05519059389381862,0.2753059315175245,700,COMPLETE
20,0.14598758400230216,2025-08-17 15:58:49.493440,2025-08-17 15:58:51.773053,0 days 00:00:02.279613,0.011406515681679597,0.46517577119376785,0.0001092712618300191,0.29965624338205354,400,COMPLETE
21,0.7514649806812408,2025-08-17 15:58:51.773265,2025-08-17 15:58:55.783021,0 days 00:00:04.009756,0.021795335899798884,0.4854524555869066,0.003518977987972286,0.5509010401555476,700,COMPLETE
22,0.7618256458124059,2025-08-17 15:58:55.783225,2025-08-17 15:59:01.407103,0 days 00:00:05.623878,0.04056167378867592,0.6571028609417628,0.03928502586705687,0.5326290578614467,1000,COMPLETE
23,0.7819876726618789,2025-08-17 15:59:01.407306,2025-08-17 15:59:07.054551,0 days 00:00:05.647245,0.06119754209043262,0.603581815438224,0.2007821293569189,0.3959050105733373,1000,COMPLETE
24,0.839712420019221,2025-08-17 15:59:07.054761,2025-08-17 15:59:12.630468,0 days 00:00:05.575707,0.046432014873798694,0.7211935852224507,0.0006107094403850918,0.47479598370673665,1000,COMPLETE
25,0.8495748335334093,2025-08-17 15:59:12.630703,2025-08-17 15:59:18.219675,0 days 00:00:05.588972,0.03153747382015068,0.49843295126526294,0.0010497300348079799,0.06770863970649561,1000,COMPLETE
26,0.9247135861926045,2025-08-17 15:59:18.219884,2025-08-17 15:59:23.281412,0 days 00:00:05.061528,0.04873732149052115,0.14049068211075194,0.0013259092290628153,0.2427374444008401,900,COMPLETE
27,0.6730777860921336,2025-08-17 15:59:23.281637,2025-08-17 15:59:26.099932,0 days 00:00:02.818295,0.017212954553414258,0.7656456734920412,0.0015422590434371983,0.2525237575546474,500,COMPLETE
28,0.7846452580707274,2025-08-17 15:59:26.100119,2025-08-17 15:59:30.624848,0 days 00:00:04.524729,0.027700311956185043,0.11541360728127097,0.00029080175832175834,0.420555640683289,800,COMPLETE
29,0.6745084927480529,2025-08-17 15:59:30.625102,2025-08-17 15:59:34.633490,0 days 00:00:04.008388,0.05653662484487041,0.686141408575629,0.006617525913564032,0.4915196136527591,700,COMPLETE
30,0.8842824280517939,2025-08-17 15:59:34.633694,2025-08-17 15:59:39.172362,0 days 00:00:04.538668,0.050443669940519575,0.382269047228294,0.2642970215810591,0.1610273163263075,800,COMPLETE
31,0.8599695618940818,2025-08-17 15:59:39.172600,2025-08-17 15:59:44.253595,0 days 00:00:05.080995,0.06313003926734603,0.08073974009845344,0.0010698941215260074,0.23203762935237415,900,COMPLETE
32,1.0,2025-08-17 15:59:44.253824,2025-08-17 15:59:48.756382,0 days 00:00:04.502558,0.06898132959711502,0.2649071132206094,0.06870694723793,0.10736337668621573,800,COMPLETE
