number,value,datetime_start,datetime_complete,duration,params_dt,params_mu,params_noise,params_r,params_steps,state
112,0.005973815730915747,2025-08-17 18:13:27.436324,2025-08-17 18:13:51.702614,0 days 00:00:24.266290,0.012957759585693507,0.6866401805744726,0.0009316239761233202,0.08302910693081512,900,COMPLETE
113,0.007007025184513311,2025-08-17 18:13:51.702844,2025-08-17 18:14:13.362018,0 days 00:00:21.659174,0.01049647248384506,0.7069107903058083,0.005815353400532868,0.06838943654923327,800,COMPLETE
114,0.009675813097272215,2025-08-17 18:14:13.362232,2025-08-17 18:14:37.616647,0 days 00:00:24.254415,0.015057504009048695,0.7268552990649443,0.024889898743021034,0.102525721015143,900,COMPLETE
115,0.008410970363679167,2025-08-17 18:14:37.616872,2025-08-17 18:15:01.892023,0 days 00:00:24.275151,0.05988498175881671,0.5633321705042675,0.1688524890870854,0.28971157698127864,900,COMPLETE
116,0.0089960340578176,2025-08-17 18:15:01.892239,2025-08-17 18:15:28.730329,0 days 00:00:26.838090,0.026645011929619034,0.5480203291486205,0.0040420149675870955,0.05241682539550049,1000,COMPLETE
117,0.00690048070709858,2025-08-17 18:15:28.730547,2025-08-17 18:15:55.563812,0 days 00:00:26.833265,0.018844896745445816,0.7587198623451549,0.0071463531274079594,0.05657397599586326,1000,COMPLETE
118,0.007110811022647145,2025-08-17 18:15:55.564025,2025-08-17 18:16:19.859584,0 days 00:00:24.295559,0.03278305976552408,0.18466409073722384,0.005121195064583481,0.17922066809954265,900,COMPLETE
119,0.014898842766826322,2025-08-17 18:16:19.859793,2025-08-17 18:16:44.158992,0 days 00:00:24.299199,0.04166234188174141,0.5576079939141486,0.2711749510575764,0.3748818670294372,900,COMPLETE
120,0.006940980220828607,2025-08-17 18:16:44.159221,2025-08-17 18:17:10.950583,0 days 00:00:26.791362,0.036157973212368306,0.5783499352963206,0.12728528730646277,0.3946313327011573,1000,COMPLETE
121,0.005805552671198842,2025-08-17 18:17:10.950803,2025-08-17 18:17:24.425419,0 days 00:00:13.474616,0.011430602055268031,0.36932806675558116,0.02102956427655149,0.08385791907329146,500,COMPLETE
122,0.0032743754525275713,2025-08-17 18:17:24.425603,2025-08-17 18:17:37.817347,0 days 00:00:13.391744,0.059851495040654415,0.3856897416397596,0.00034494572702813234,0.1270009532719117,500,COMPLETE
123,0.0057530881877118556,2025-08-17 18:17:37.817558,2025-08-17 18:18:02.038226,0 days 00:00:24.220668,0.04949962962013532,0.5844795409338708,0.1845004979838014,0.4390713411099364,900,COMPLETE
124,0.008041363293953318,2025-08-17 18:18:02.038439,2025-08-17 18:18:28.872567,0 days 00:00:26.834128,0.04695391092282884,0.39676129014664563,0.007180205385956789,0.24207360144321402,1000,COMPLETE
125,0.006885075470550531,2025-08-17 18:18:28.872761,2025-08-17 18:18:50.498131,0 days 00:00:21.625370,0.03893239998966374,0.6176926714462103,0.05801271664254908,0.33924483470171085,800,COMPLETE
126,0.005290526237799911,2025-08-17 18:18:50.498326,2025-08-17 18:19:12.172628,0 days 00:00:21.674302,0.06143564673468846,0.44201175878642973,0.003074789820744191,0.47742411587235456,800,COMPLETE
127,0.008782420422775584,2025-08-17 18:19:12.172843,2025-08-17 18:19:33.868368,0 days 00:00:21.695525,0.012747972753207154,0.4833110360056421,0.058299940496495305,0.0972153830472409,800,COMPLETE
128,0.00926446303127267,2025-08-17 18:19:33.868560,2025-08-17 18:19:52.932929,0 days 00:00:19.064369,0.05992553335754188,0.4817820820779721,0.015808252704108516,0.39415539758595186,700,COMPLETE
129,0.006220632804085795,2025-08-17 18:19:52.933105,2025-08-17 18:20:06.373122,0 days 00:00:13.440017,0.06134053416019052,0.565642944000259,0.05325978356783683,0.5397625325137705,500,COMPLETE
130,0.005534486776323516,2025-08-17 18:20:06.373302,2025-08-17 18:20:19.834618,0 days 00:00:13.461316,0.05055216011432202,0.4096403885870098,0.013398768499222943,0.5103273958904213,500,COMPLETE
131,0.00736377484359847,2025-08-17 18:20:19.834797,2025-08-17 18:20:46.694418,0 days 00:00:26.859621,0.020250429863676058,0.5277342789778438,0.012347833332982512,0.5955149577724848,1000,COMPLETE
132,0.00667009116878342,2025-08-17 18:20:46.694626,2025-08-17 18:20:57.518863,0 days 00:00:10.824237,0.03487953293439228,0.45766886274457264,0.006625821172692821,0.12689158832753486,400,COMPLETE
133,0.007550523121204761,2025-08-17 18:20:57.519081,2025-08-17 18:21:24.403828,0 days 00:00:26.884747,0.03451417605736878,0.5371273888824645,0.018362801673230282,0.44288848233065103,1000,COMPLETE
134,0.008064853206025907,2025-08-17 18:21:24.404040,2025-08-17 18:21:46.070710,0 days 00:00:21.666670,0.03869982842178498,0.6340361276948895,0.1687414685302444,0.3048764573455429,800,COMPLETE
135,0.008739893295326989,2025-08-17 18:21:46.070932,2025-08-17 18:22:12.882874,0 days 00:00:26.811942,0.04104496177718222,0.6916413417727875,0.28964337947380064,0.5582821610333315,1000,COMPLETE
136,0.009177814981610214,2025-08-17 18:22:12.883093,2025-08-17 18:22:37.152409,0 days 00:00:24.269316,0.03746480396784393,0.4517502905759097,0.24342738684702173,0.32832458861011976,900,COMPLETE
137,0.011058094359471105,2025-08-17 18:22:37.152621,2025-08-17 18:23:01.379894,0 days 00:00:24.227273,0.030057966518982633,0.5433884736481932,0.27274296784013524,0.4190832353944082,900,COMPLETE
138,0.005608265421016383,2025-08-17 18:23:01.380085,2025-08-17 18:23:14.761977,0 days 00:00:13.381892,0.016090011480462067,0.7604945683271223,0.01223417514310855,0.4235388421623121,500,COMPLETE
139,0.008277134825937275,2025-08-17 18:23:14.762185,2025-08-17 18:23:41.608584,0 days 00:00:26.846399,0.018985830237161966,0.6348710100943203,0.03267333880668083,0.5032714596781414,1000,COMPLETE
140,0.010802750569591402,2025-08-17 18:23:41.608814,2025-08-17 18:24:05.858848,0 days 00:00:24.250034,0.029567748520040238,0.7198640972460053,0.028572694661037786,0.5748181434956545,900,COMPLETE
141,0.010417653872870115,2025-08-17 18:24:05.859067,2025-08-17 18:24:32.666091,0 days 00:00:26.807024,0.03750498734782799,0.6221007130589901,0.16036986572945322,0.20574905491435416,1000,COMPLETE
142,0.009618161352454828,2025-08-17 18:24:32.666313,2025-08-17 18:24:56.929982,0 days 00:00:24.263669,0.02794943771329679,0.7304557916458502,0.18384280152273771,0.2452209715992673,900,COMPLETE
143,0.0098997928080273,2025-08-17 18:24:56.930196,2025-08-17 18:25:23.791872,0 days 00:00:26.861676,0.011395583842579583,0.5533361850235536,0.024551107110400785,0.13845854738556795,1000,COMPLETE
144,0.00659848016054447,2025-08-17 18:25:23.792078,2025-08-17 18:25:37.249207,0 days 00:00:13.457129,0.04054934939667986,0.25407717873077235,0.060661397799886004,0.08579535659212395,500,COMPLETE
145,0.009722735571027319,2025-08-17 18:25:37.249395,2025-08-17 18:26:04.046278,0 days 00:00:26.796883,0.030585925623745347,0.739637211355522,0.09571638030761444,0.2849311808694489,1000,COMPLETE
146,0.008317549297058174,2025-08-17 18:26:04.046493,2025-08-17 18:26:20.451497,0 days 00:00:16.405004,0.025489437758612895,0.7117716185353224,0.23937292290659137,0.2826734623586362,600,COMPLETE
