number,value,datetime_start,datetime_complete,duration,params_dt,params_mu,params_noise,params_r,params_steps,state
0,0.00020829180403870474,2025-08-17 19:39:52.107740,2025-08-17 19:39:58.234939,0 days 00:00:06.127199,0.06369952843994067,0.4970588662771388,0.00034060691619602874,0.28956006327446004,600,COMPLETE
1,0.0005806970793928757,2025-08-17 19:39:58.235253,2025-08-17 19:40:02.217162,0 days 00:00:03.981909,0.047295816568985426,0.1548866791123285,0.00014860745049505094,0.31875973043747163,700,COMPLETE
2,0.0004515869651619754,2025-08-17 19:40:02.217733,2025-08-17 19:40:04.533455,0 days 00:00:02.315722,0.02620991153110377,0.497056523488562,0.000751253894008964,0.2101817808194061,400,COMPLETE
3,6.408677622607278e-05,2025-08-17 19:40:04.533630,2025-08-17 19:40:07.964439,0 days 00:00:03.430809,0.05834163478141859,0.3988246630287599,0.001011272281148279,0.19237575257328768,600,COMPLETE
4,0.00023782252050508066,2025-08-17 19:40:07.964617,2025-08-17 19:40:10.791803,0 days 00:00:02.827186,0.06380031657951464,0.5684309933680443,0.0774582131371085,0.39040368983780893,500,COMPLETE
5,0.0004243301868906868,2025-08-17 19:40:10.792326,2025-08-17 19:40:13.085570,0 days 00:00:02.293244,0.022677457667970385,0.5733794158112099,0.00010157856882868306,0.2536435113670532,400,COMPLETE
6,0.0012680012293951523,2025-08-17 19:40:13.085772,2025-08-17 19:40:15.917434,0 days 00:00:02.831662,0.03805854702618631,0.43397642916308155,0.0011273308193098235,0.1744098396268662,500,COMPLETE
7,0.00011827662540177856,2025-08-17 19:40:15.917925,2025-08-17 19:40:18.742570,0 days 00:00:02.824645,0.03424006544717596,0.3362976662038719,0.00011917737258012283,0.569291091393465,500,COMPLETE
8,0.000173428834056824,2025-08-17 19:40:18.742804,2025-08-17 19:40:23.269101,0 days 00:00:04.526297,0.044033727626600606,0.1615620233687196,0.00013772378744536583,0.5250612798826345,800,COMPLETE
9,0.0012680485167654624,2025-08-17 19:40:23.269590,2025-08-17 19:40:27.831101,0 days 00:00:04.561511,0.026784606080788035,0.3333703212251425,0.0020452393764720488,0.3249783796202024,800,COMPLETE
10,0.0004998278756541476,2025-08-17 19:40:27.831341,2025-08-17 19:40:31.828849,0 days 00:00:03.997508,0.04438733563705001,0.5030723601754473,0.000681073658435565,0.4867583748288021,700,COMPLETE
11,0.0006371422744267633,2025-08-17 19:40:31.829090,2025-08-17 19:40:36.915926,0 days 00:00:05.086836,0.04023857694523836,0.5263539065669717,0.0019719771412589574,0.4330093385708982,900,COMPLETE
12,0.0003373571101255877,2025-08-17 19:40:36.916164,2025-08-17 19:40:39.748348,0 days 00:00:02.832184,0.0314947293090481,0.3808080785320197,0.0003447813642319598,0.47559231358311777,500,COMPLETE
13,0.00256324999003216,2025-08-17 19:40:39.748527,2025-08-17 19:40:45.340938,0 days 00:00:05.592411,0.04710788725484548,0.5063790270267111,0.005105521810976405,0.2646865556769001,1000,COMPLETE
14,0.00033148782840401476,2025-08-17 19:40:45.341438,2025-08-17 19:40:50.972014,0 days 00:00:05.630576,0.011539537074048851,0.2632106652333824,0.0001462675338214158,0.37450663407763163,1000,COMPLETE
15,0.0014885490967081903,2025-08-17 19:40:50.972247,2025-08-17 19:40:55.515791,0 days 00:00:04.543544,0.04943435399434254,0.607558652652177,0.0034762886741144675,0.10379011903452208,800,COMPLETE
16,0.001636309298472332,2025-08-17 19:40:55.516310,2025-08-17 19:41:00.591860,0 days 00:00:05.075550,0.04103722929247089,0.1334423599026523,0.001410340399284287,0.35368406954761683,900,COMPLETE
17,0.00038398455734406,2025-08-17 19:41:00.592089,2025-08-17 19:41:03.437908,0 days 00:00:02.845819,0.0532565067859314,0.3973386325749547,0.00016158471616479155,0.5740781478718984,500,COMPLETE
18,0.0005978840896550178,2025-08-17 19:41:03.438102,2025-08-17 19:41:05.709989,0 days 00:00:02.271887,0.013246156583388366,0.3924890424497549,0.00026054722955026543,0.13054393080651908,400,COMPLETE
19,9.509815950595203e-05,2025-08-17 19:41:05.710492,2025-08-17 19:41:11.347067,0 days 00:00:05.636575,0.061438236298002165,0.08623066121279031,0.0004094896183555172,0.19661027965611005,1000,COMPLETE
20,0.001442658875288304,2025-08-17 19:41:11.347606,2025-08-17 19:41:15.873022,0 days 00:00:04.525416,0.040579217719110994,0.20449655701524982,0.00011099775242666287,0.24549960651192212,800,COMPLETE
21,0.0002540820718119233,2025-08-17 19:41:15.873544,2025-08-17 19:41:18.718223,0 days 00:00:02.844679,0.05579938464705755,0.60474514541997,0.003267384860364475,0.5619622928507232,500,COMPLETE
22,0.0003874899229568467,2025-08-17 19:41:18.718404,2025-08-17 19:41:24.315601,0 days 00:00:05.597197,0.027122367581215855,0.1404430560152311,0.00022555686355412604,0.07680288451341277,1000,COMPLETE
23,0.0008363433556547718,2025-08-17 19:41:24.316139,2025-08-17 19:41:29.971339,0 days 00:00:05.655200,0.04261284637417115,0.6974179333949386,0.030925968063223945,0.094907548649703,1000,COMPLETE
24,0.001767977900758191,2025-08-17 19:41:29.971570,2025-08-17 19:41:33.970155,0 days 00:00:03.998585,0.03242488247510849,0.6927674687909899,0.0023224145894047196,0.34584809740189326,700,COMPLETE
25,0.0009132544966859646,2025-08-17 19:41:33.970400,2025-08-17 19:41:37.963157,0 days 00:00:03.992757,0.026927769390925654,0.5016963594177831,0.2365712602026748,0.3109849835961231,700,COMPLETE
26,0.0017340442820244126,2025-08-17 19:41:37.963692,2025-08-17 19:41:43.584810,0 days 00:00:05.621118,0.044798046982648256,0.7661794471824851,0.004009530546196811,0.39337555399610996,1000,COMPLETE
27,0.00043068063905155475,2025-08-17 19:41:43.585045,2025-08-17 19:41:48.650839,0 days 00:00:05.065794,0.03569703794567866,0.2042984641111582,0.00026376834916445473,0.4686279759349568,900,COMPLETE
28,0.0008091807328541977,2025-08-17 19:41:48.651344,2025-08-17 19:41:53.189923,0 days 00:00:04.538579,0.024341374729100862,0.397476155515271,0.0001177648223025741,0.13566912960481942,800,COMPLETE
29,0.002405822215578666,2025-08-17 19:41:53.190137,2025-08-17 19:41:58.256389,0 days 00:00:05.066252,0.06269893451094741,0.10443153072746249,0.03141725440059851,0.09637169078832424,900,COMPLETE
30,0.0011226177195631482,2025-08-17 19:41:58.256635,2025-08-17 19:42:03.872264,0 days 00:00:05.615629,0.056209825525331256,0.2711848809012329,0.01384427991874442,0.2818549543701117,1000,COMPLETE
31,0.0002736356609171607,2025-08-17 19:42:03.872497,2025-08-17 19:42:08.431015,0 days 00:00:04.558518,0.06265426543564469,0.1559015241904181,0.038921524653814474,0.05105040834998949,800,COMPLETE
32,0.0006272262233327142,2025-08-17 19:42:08.431503,2025-08-17 19:42:14.044509,0 days 00:00:05.613006,0.04975768849300105,0.7971384514809658,0.0026642018053988892,0.338662316646932,1000,COMPLETE
33,0.0005264261509381354,2025-08-17 19:42:14.044979,2025-08-17 19:42:18.046482,0 days 00:00:04.001503,0.03413080431019923,0.7282595077839501,0.001365049948579171,0.248759145203785,700,COMPLETE
34,0.0009404461622506394,2025-08-17 19:42:18.046729,2025-08-17 19:42:23.127957,0 days 00:00:05.081228,0.04361733550700119,0.7567223877614194,0.03243511791909139,0.48815309912472543,900,COMPLETE
35,0.0009055243928621133,2025-08-17 19:42:23.128213,2025-08-17 19:42:28.227232,0 days 00:00:05.099019,0.05195472160110581,0.15127882858706168,0.2721917664159903,0.23522980315727804,900,COMPLETE
36,0.0019172012620236867,2025-08-17 19:42:28.227735,2025-08-17 19:42:33.317387,0 days 00:00:05.089652,0.01960046030086477,0.6695487466428511,0.008490737313638379,0.4165397341930722,900,COMPLETE
37,0.0008688225090963139,2025-08-17 19:42:33.317631,2025-08-17 19:42:37.857705,0 days 00:00:04.540074,0.02179398917228735,0.5941445615534335,0.0023369981634042067,0.4720051857710243,800,COMPLETE
38,0.0008929245357484429,2025-08-17 19:42:37.857946,2025-08-17 19:42:41.335060,0 days 00:00:03.477114,0.019056882934025812,0.7307901087860622,0.01642610505477985,0.36718997737105535,600,COMPLETE
39,0.0009497585274422683,2025-08-17 19:42:41.335273,2025-08-17 19:42:46.426850,0 days 00:00:05.091577,0.026285856968698673,0.6880872309796265,0.01674437446122598,0.29550201596118775,900,COMPLETE
40,0.0006740565841093304,2025-08-17 19:42:46.427085,2025-08-17 19:42:52.034835,0 days 00:00:05.607750,0.018151052438160592,0.5749136710870852,0.025379365911522164,0.5836744417246762,1000,COMPLETE
41,0.0007153690386970193,2025-08-17 19:42:52.035079,2025-08-17 19:42:57.656409,0 days 00:00:05.621330,0.04026189607295161,0.46127714579961937,0.0038169024308999933,0.32230840806259736,1000,COMPLETE
42,0.0007172626991937115,2025-08-17 19:42:57.656651,2025-08-17 19:43:03.282481,0 days 00:00:05.625830,0.010617364626497948,0.7097315151133189,0.008684447078548211,0.35327688724959605,1000,COMPLETE
43,0.0018882463531819996,2025-08-17 19:43:03.282727,2025-08-17 19:43:07.284880,0 days 00:00:04.002153,0.042599202311798895,0.5959352137592723,0.01101247297492011,0.3195657839463944,700,COMPLETE
44,0.0001575871835801202,2025-08-17 19:43:07.285132,2025-08-17 19:43:12.377486,0 days 00:00:05.092354,0.0687668884512138,0.08293617096968374,0.023997995071363694,0.215138107489733,900,COMPLETE
45,0.0003952589553991748,2025-08-17 19:43:12.377733,2025-08-17 19:43:15.814852,0 days 00:00:03.437119,0.037579082394653913,0.5872835150762971,0.009851697124978737,0.24689263296456448,600,COMPLETE
46,0.001723467382991749,2025-08-17 19:43:15.815028,2025-08-17 19:43:20.886122,0 days 00:00:05.071094,0.046569405576195114,0.16864464210896823,0.012157655563924244,0.1368024242613226,900,COMPLETE
47,0.0006734274856724389,2025-08-17 19:43:20.886368,2025-08-17 19:43:25.410725,0 days 00:00:04.524357,0.049559443528701105,0.5041524159180295,0.005623588742523296,0.2547840692206754,800,COMPLETE
48,0.0005503181617524994,2025-08-17 19:43:25.411267,2025-08-17 19:43:31.091468,0 days 00:00:05.680201,0.023168240022916283,0.7951450537815835,0.0005403634162873496,0.5858142171634801,1000,COMPLETE
49,5.5494738389599655e-05,2025-08-17 19:43:31.091672,2025-08-17 19:43:36.702085,0 days 00:00:05.610413,0.060247881436554386,0.5117186350218265,0.00051560013758352,0.21917822888274993,1000,COMPLETE
50,0.00014042743830092525,2025-08-17 19:43:36.702345,2025-08-17 19:43:56.121945,0 days 00:00:19.419600,0.06452308988076706,0.06356372050540289,0.001519494409370165,0.11263756159645143,700,COMPLETE
51,0.0006536041944764117,2025-08-17 19:43:56.122457,2025-08-17 19:44:15.546283,0 days 00:00:19.423826,0.05253357882237065,0.7171708851289189,0.004842307046925985,0.3643381601700244,700,COMPLETE
52,0.00010373338905236813,2025-08-17 19:44:15.546508,2025-08-17 19:44:42.885662,0 days 00:00:27.339154,0.06656087269083684,0.06629305580715834,0.12770298521986795,0.08726729903317607,1000,COMPLETE
53,0.0008271281169945458,2025-08-17 19:44:42.885874,2025-08-17 19:45:02.273283,0 days 00:00:19.387409,0.032026742509575636,0.7675286017842453,0.005885929744878385,0.3960267873663893,700,COMPLETE
54,0.00046658794194633595,2025-08-17 19:45:02.273526,2025-08-17 19:45:29.559477,0 days 00:00:27.285951,0.05079133265451825,0.570573440877402,0.012090202939607156,0.409718172239604,1000,COMPLETE
55,0.0012194023251447903,2025-08-17 19:45:29.559710,2025-08-17 19:45:54.249854,0 days 00:00:24.690144,0.04585481941407728,0.4357194898460217,0.05230995943238516,0.23582568298606318,900,COMPLETE
56,0.00025198506253901035,2025-08-17 19:45:54.250086,2025-08-17 19:46:21.536351,0 days 00:00:27.286265,0.05301974007464658,0.6999201036338291,0.0013227221874487136,0.5093100020991779,1000,COMPLETE
57,0.0008245624321707896,2025-08-17 19:46:21.536550,2025-08-17 19:46:43.599215,0 days 00:00:22.062665,0.015047222140940692,0.28496012045562863,0.014402092957381206,0.053443541557255725,800,COMPLETE
58,0.0007653261747199023,2025-08-17 19:46:43.599430,2025-08-17 19:47:10.895889,0 days 00:00:27.296459,0.03437009057869211,0.767099477316056,0.0043268464154472734,0.43525506694141003,1000,COMPLETE
59,0.0008217887717869623,2025-08-17 19:47:10.896089,2025-08-17 19:47:30.328376,0 days 00:00:19.432287,0.010198489043992915,0.44885416886582663,0.028722842150856454,0.460962114842685,700,COMPLETE
60,0.0004795604001550827,2025-08-17 19:47:30.328607,2025-08-17 19:47:47.086850,0 days 00:00:16.758243,0.017531172979207223,0.6836963011735887,0.0005555447281542456,0.3197147187926682,600,COMPLETE
61,0.0007046149831688522,2025-08-17 19:47:47.087072,2025-08-17 19:48:11.731363,0 days 00:00:24.644291,0.029285684664774395,0.18942918205734496,0.006497783413846741,0.15236493264875037,900,COMPLETE
62,0.001372156565072821,2025-08-17 19:48:11.731593,2025-08-17 19:48:33.798864,0 days 00:00:22.067271,0.043502619319474294,0.1785078146997818,0.011437541135063033,0.17764194350702572,800,COMPLETE
63,0.0008147558403867121,2025-08-17 19:48:33.799098,2025-08-17 19:49:01.124630,0 days 00:00:27.325532,0.053115378296501155,0.12757483309100945,0.0024824210823043715,0.12402745073764873,1000,COMPLETE
64,0.0005976684935887214,2025-08-17 19:49:01.124842,2025-08-17 19:49:17.910679,0 days 00:00:16.785837,0.04949503546882623,0.707263623352563,0.15104272135060282,0.24214102697681275,600,COMPLETE
65,0.0008898551820014777,2025-08-17 19:49:17.911167,2025-08-17 19:49:45.250676,0 days 00:00:27.339509,0.050583203802354794,0.2501522033839553,0.034942979951665086,0.08502829482859263,1000,COMPLETE
66,0.000583651118270882,2025-08-17 19:49:45.250896,2025-08-17 19:50:02.016812,0 days 00:00:16.765916,0.04067519084918791,0.38775473581570263,0.01751376494651318,0.349390029186817,600,COMPLETE
67,9.005332853495799e-05,2025-08-17 19:50:02.017055,2025-08-17 19:50:29.352540,0 days 00:00:27.335485,0.06355787734350136,0.42204483314031066,0.0046223761664671605,0.05750429557792436,1000,COMPLETE
68,0.0008861281787356642,2025-08-17 19:50:29.352750,2025-08-17 19:50:56.656406,0 days 00:00:27.303656,0.023531934044234034,0.6117577537478711,0.00023896613786023895,0.2895560521051609,1000,COMPLETE
69,0.0011108873578789713,2025-08-17 19:50:56.656619,2025-08-17 19:51:18.724949,0 days 00:00:22.068330,0.036995844764748466,0.6601150237464971,0.009183143318421086,0.33730816156825094,800,COMPLETE
70,0.0006946144972212106,2025-08-17 19:51:18.725163,2025-08-17 19:51:35.516875,0 days 00:00:16.791712,0.03271466861378586,0.2754724650855263,0.20785647549766728,0.5338830806490799,600,COMPLETE
71,0.00044074963374886593,2025-08-17 19:51:35.517086,2025-08-17 19:52:02.807460,0 days 00:00:27.290374,0.03620556020131655,0.20707879219502526,0.0006505578657948988,0.31904693202895196,1000,COMPLETE
72,0.0015366719649400169,2025-08-17 19:52:02.807684,2025-08-17 19:52:24.884016,0 days 00:00:22.076332,0.049431850376460244,0.11633616916465238,0.0064861684761172884,0.41439351486635834,800,COMPLETE
73,0.0007520461887353773,2025-08-17 19:52:24.884240,2025-08-17 19:52:41.647855,0 days 00:00:16.763615,0.03399822107483812,0.5155543292390317,0.0036273597068774126,0.3810237775497666,600,COMPLETE
74,0.0010539794482384473,2025-08-17 19:52:41.648105,2025-08-17 19:53:08.950977,0 days 00:00:27.302872,0.04784927980669254,0.5158033806156128,0.00949999011139599,0.2283443122255632,1000,COMPLETE
75,0.00028622297540359604,2025-08-17 19:53:08.951196,2025-08-17 19:53:33.608363,0 days 00:00:24.657167,0.05564156623693067,0.1769787099304278,0.0007866421317711231,0.33948782873064787,900,COMPLETE
76,0.0009964500297533275,2025-08-17 19:53:33.608598,2025-08-17 19:53:55.631522,0 days 00:00:22.022924,0.05147458753015838,0.08894458686840676,0.03214847642798967,0.14965108079742126,800,COMPLETE
77,0.0009168054490084703,2025-08-17 19:53:55.631732,2025-08-17 19:54:17.703611,0 days 00:00:22.071879,0.021471339118185228,0.09544354292578827,0.15734809520282791,0.36854676781337203,800,COMPLETE
78,0.0003410340035033464,2025-08-17 19:54:17.703822,2025-08-17 19:54:34.505632,0 days 00:00:16.801810,0.027554315474862107,0.7314282274490045,0.00043727562820373056,0.4793307070256833,600,COMPLETE
79,0.0010647387865697392,2025-08-17 19:54:34.505838,2025-08-17 19:55:01.836142,0 days 00:00:27.330304,0.03864746927424485,0.15913294908519726,0.006243763357454386,0.5072742631867103,1000,COMPLETE
80,0.00010096100138455704,2025-08-17 19:55:01.836335,2025-08-17 19:55:26.715785,0 days 00:00:24.879450,0.06872903937298892,0.4022289756027222,0.04756318997264952,0.49568019409973374,900,COMPLETE
81,0.000583362878388701,2025-08-17 19:55:26.716008,2025-08-17 19:55:46.162526,0 days 00:00:19.446518,0.053105300787567214,0.1542868603165935,0.00458177263867857,0.3115718634388159,700,COMPLETE
82,0.0009327639420250334,2025-08-17 19:55:46.162739,2025-08-17 19:56:10.847251,0 days 00:00:24.684512,0.02159092572415354,0.6725499603178666,0.06700046239506964,0.4145021112796135,900,COMPLETE
83,0.0010081701547474881,2025-08-17 19:56:10.847447,2025-08-17 19:56:30.306038,0 days 00:00:19.458591,0.05091388190625074,0.28946516978293013,0.021738241868218277,0.4433705408585646,700,COMPLETE
84,0.0005532609520539655,2025-08-17 19:56:30.306254,2025-08-17 19:56:49.844138,0 days 00:00:19.537884,0.030651172950389324,0.20788979129235807,0.0020060904832400065,0.46246937030013524,700,COMPLETE
85,0.0005122908857679669,2025-08-17 19:56:49.844373,2025-08-17 19:57:09.278790,0 days 00:00:19.434417,0.04194841787775201,0.11498897017572705,0.0005453779692315927,0.3431215082157987,700,COMPLETE
86,0.0004157697131570825,2025-08-17 19:57:09.279005,2025-08-17 19:57:33.961690,0 days 00:00:24.682685,0.053722192927573235,0.2067782525107992,0.010332344288827802,0.47981324712507056,900,COMPLETE
87,0.0011639117248006057,2025-08-17 19:57:33.961922,2025-08-17 19:57:50.695499,0 days 00:00:16.733577,0.03856672017956716,0.11706407368609728,0.012719644748773986,0.4272375859564674,600,COMPLETE
88,0.0010097535028918752,2025-08-17 19:57:50.695748,2025-08-17 19:58:12.729922,0 days 00:00:22.034174,0.044072859349460106,0.10897104070216534,0.0036737693404042698,0.37391629656226477,800,COMPLETE
89,0.0007893786211193109,2025-08-17 19:58:12.730139,2025-08-17 19:58:34.774761,0 days 00:00:22.044622,0.04577778221429614,0.30075728799535817,0.0012101580988892627,0.4040709427239161,800,COMPLETE
90,0.0009056935088116195,2025-08-17 19:58:34.774958,2025-08-17 19:58:48.439642,0 days 00:00:13.664684,0.01325353676677004,0.5277899631436482,0.08580923319653383,0.06502054048598283,500,COMPLETE
91,0.0012019516907693843,2025-08-17 19:58:48.439853,2025-08-17 19:59:10.484197,0 days 00:00:22.044344,0.019478675986884752,0.651533646539078,0.004438872423688485,0.42172141493000026,800,COMPLETE
92,6.002508390655943e-05,2025-08-17 19:59:10.484422,2025-08-17 19:59:37.820844,0 days 00:00:27.336422,0.0697281858435991,0.7118224311899872,0.02323084278467235,0.17992928066507247,1000,COMPLETE
93,0.000602194539855152,2025-08-17 19:59:37.821061,2025-08-17 19:59:59.834976,0 days 00:00:22.013915,0.04053119628516796,0.5740793012545735,0.0012732026469603388,0.05458809212574661,800,COMPLETE
94,0.00013947486915537758,2025-08-17 19:59:59.835199,2025-08-17 20:00:19.249671,0 days 00:00:19.414472,0.06455422303339657,0.635405468023345,0.025931449653031177,0.10381196657680755,700,COMPLETE
95,0.0008058739392703411,2025-08-17 20:00:19.249903,2025-08-17 20:00:38.674000,0 days 00:00:19.424097,0.047748348433461284,0.5312191256659705,0.009382870461340988,0.11275690221552553,700,COMPLETE
96,9.577937258243546e-05,2025-08-17 20:00:38.674239,2025-08-17 20:01:03.332603,0 days 00:00:24.658364,0.06415289043726154,0.19166974406606116,0.011209129962739222,0.1188163074447171,900,COMPLETE
97,0.0002622368867654587,2025-08-17 20:01:03.332804,2025-08-17 20:01:28.042020,0 days 00:00:24.709216,0.05549851253880151,0.632546392072555,0.001665001266681582,0.18019274253892653,900,COMPLETE
98,0.0007307220743093319,2025-08-17 20:01:28.042226,2025-08-17 20:01:47.514743,0 days 00:00:19.472517,0.05303868529475293,0.6069041543071384,0.0028874119624249933,0.11248038132574414,700,COMPLETE
99,0.0006477578069162587,2025-08-17 20:01:47.514954,2025-08-17 20:02:06.941306,0 days 00:00:19.426352,0.046330575066014894,0.595817249102595,0.0007683947361352308,0.3521282929034184,700,COMPLETE
